----- Log started at 2026-04-02 16:11:03 ------
Token Integration Hub Version: 2.1.0
-------------------------------------------------
[2026-04-02 16:11:03] [I] ConnectionWrapper: Connection Started
[2026-04-02 16:11:03] [I] ConnectionAndroid: Connected Device Count : 9
[2026-04-02 16:11:03] [I] ConnectionAndroid: VID: 3034 PID: 33107
[2026-04-02 16:11:03] [I] ConnectionAndroid: LibUSB Error: Operation not supported or unimplemented on this platform
[2026-04-02 16:11:03] [I] ConnectionAndroid: VID: 2522 PID: 8808
[2026-04-02 16:11:03] [I] ConnectionAndroid: Handle Part Called
[2026-04-02 16:11:03] [I] ConnectionAndroid: Sent getProtocol
[2026-04-02 16:11:03] [I] ConnectionAndroid: LibUSB Error: Entity not found
[2026-04-02 16:11:03] [I] ConnectionAndroid: VID: 7119 PID: 11165
[2026-04-02 16:11:03] [I] ConnectionAndroid: LibUSB Error: Entity not found
[2026-04-02 16:11:03] [I] ConnectionAndroid: VID: 32902 PID: 31328
[2026-04-02 16:11:03] [I] ConnectionAndroid: LibUSB Error: Operation not supported or unimplemented on this platform
[2026-04-02 16:11:03] [I] ConnectionAndroid: VID: 6353 PID: 11520
[2026-04-02 16:11:03] [I] ConnectionAndroid: Sent getProtocol
[2026-04-02 16:11:03] [I] ConnectionAndroid: Version Code Device: 2
[2026-04-02 16:11:04] [I] ConnectionAndroid: Accessory Identification Sent
[2026-04-02 16:11:04] [I] ConnectionAndroid: Android Found:
[2026-04-02 16:11:04] [I] ConnectionAndroid: Interface 0. altSetting 0. Num of endpoints: 2
[2026-04-02 16:11:04] [I] ConnectionAndroid: Endpoint type 
[2026-04-02 16:11:04] [I] ConnectionAndroid: Bulk
[2026-04-02 16:11:04] [I] ConnectionAndroid: IN
[2026-04-02 16:11:04] [I] ConnectionAndroid: Address 129
[2026-04-02 16:11:04] [I] ConnectionAndroid: Endpoint type 
[2026-04-02 16:11:04] [I] ConnectionAndroid: Bulk
[2026-04-02 16:11:04] [I] ConnectionAndroid: OUT
[2026-04-02 16:11:04] [I] ConnectionAndroid: Address 1
[2026-04-02 16:11:04] [I] Connection: Serial In Mutex Locked
[2026-04-02 16:11:04] [I] ConnectionAndroid: Interface Claimed, Ready To Transfer Data
[2026-04-02 16:11:04] [I] ConnectionAndroid: Device Added With VID: 3034 PID: 33107
[2026-04-02 16:11:04] [I] ConnectionAndroid: Device Added With VID: 2522 PID: 8808
[2026-04-02 16:11:04] [I] ConnectionAndroid: Device Added With VID: 7119 PID: 11165
[2026-04-02 16:11:04] [I] ConnectionAndroid: Device Added With VID: 32902 PID: 31328
[2026-04-02 16:11:04] [I] ConnectionAndroid: Device Added With VID: 6353 PID: 11520
[2026-04-02 16:11:04] [I] ConnectionAndroid: Device Added With VID: 1507 PID: 1552
[2026-04-02 16:11:04] [I] ConnectionAndroid: Device Added With VID: 1507 PID: 1574
[2026-04-02 16:11:04] [I] ConnectionAndroid: Device Added With VID: 1133 PID: 50504
[2026-04-02 16:11:04] [I] ConnectionAndroid: Device Added With VID: 32903 PID: 38
[2026-04-02 16:11:04] [I] ConnectionAndroid: Claim interface result: 0
[2026-04-02 16:11:04] [I] ConnectionAndroid: Listening in port
[2026-04-02 16:11:04] [I] Connection: Sending Hello
[2026-04-02 16:11:04] [I] Connection: Verification key: asdfg
[2026-04-02 16:11:04] [I] Connection: Request Type: 4 Enqueued 72 bytes to write.
[2026-04-02 16:11:04] [I] ConnectionAndroid: Device Initialized
[2026-04-02 16:11:04] [I] ConnectionAndroid: Trying to write to 1
[2026-04-02 16:11:04] [I] ConnectionWrapper: Connection Android Object Created
[2026-04-02 16:11:04] [I] ConnectionWrapper: Connection Linux Object Created
[2026-04-02 16:11:04] [I] Connection: Serial In Mutex Locked
[2026-04-02 16:11:04] [I] ConnectionWrapper: setSerialInCallback called
[2026-04-02 16:11:04] [I] ConnectionWrapper: Setting serialInCallback for device index: 0
[2026-04-02 16:11:04] [I] Connection: Serial In Callback Is Initialized
[2026-04-02 16:11:04] [I] ConnectionWrapper: Setting serialInCallback for device index: 1
[2026-04-02 16:11:04] [I] Connection: Serial In Callback Is Initialized
[2026-04-02 16:11:04] [I] ConnectionWrapper: setDeviceStateCallback called
[2026-04-02 16:11:04] [I] ConnectionWrapper: Setting deviceStateCallback for device index: 0
[2026-04-02 16:11:04] [I] Connection: Device State Callback Is Initialized
[2026-04-02 16:11:04] [I] ConnectionWrapper: Setting deviceStateCallback for device index: 1
[2026-04-02 16:11:04] [I] Connection: Device State Callback Is Initialized
[2026-04-02 16:11:19] [I] ConnectionAndroid: Trying again 0
[2026-04-02 16:11:24] [I] ConnectionAndroid: 72 Bytes Written
[2026-04-02 16:11:24] [I] ConnectionAndroid: sendSerial loop finished
[2026-04-02 16:11:24] [I] ConnectionAndroid: Bulk transfer short read 0
[2026-04-02 16:11:24] [I] ConnectionAndroid: LibUSB Error: Success
[2026-04-02 16:11:24] [I] ConnectionAndroid: Read bytes 
[2026-04-02 16:11:24] [I] ConnectionAndroid: CURRENT KEY01234567890123456789012345678901
[2026-04-02 16:11:24] [I] ConnectionAndroid: Serial In Mutex Locked
[2026-04-02 16:11:24] [I] TLVProtocol: Type of chunk: 5 - Length of chunk: 1264 - Value of chunk: {"certificate":"-----BEGIN CERTIFICATE-----\nMIIEAzCCA4igAwIBAgIHAMJbSQEg\/TAKBggqhkjOPQQDAzCBzTELMAkGA1UEBhMC\nVFIxGDAWBgNVBAcMD0dlYnplIC0gS29jYWVsaTFHMEUGA1UECgw+VMO8cmtpeWUg\nQmlsaW1zZWwgdmUgVGVrbm9sb2ppayBBcmHFn3TEsXJtYSBLdXJ1bXUgLSBUw5xC\nxLBUQUsxEDAOBgNVBAsMB0LEsExHRU0xSTBHBgNVBAMMQE9kZW1lIEtheWRlZGlj\naSBDaWhheiBFbGVrdHJvbmlrIFNlcnRpZmlrYSBIaXptZXQgU2FnbGF5aWNpc2kt\nUzIwHhcNMjQwMTA0MDU1MjI4WhcNMzUwMTAxMDU1MjI4WjA0MQswCQYDVQQGEwJU\nUjEOMAwGA1UECgwFVE9LRU4xFTATBgNVBAUTDEFWMDAwMDAxNzg5MzB2MBAGByqG\nSM49AgEGBSuBBAAiA2IABLxffbjxZ\/NMi\/xWZSQON3jLB8Bt8\/qX6mMOcvjJD+t0\n8TBzBAoqQxL+KREib39tue8EySAm418AQpWPJWlTa3N4FyiBTgpAWQYPHZVrIse9\nCzwLNx7Bg2K8whSd9ZBWl6OCAcwwggHIMB8GA1UdIwQYMBaAFJ9xpYFJAx9+7iB9\nSY7Ya8c+ryjyMB0GA1UdDgQWBBRbCd5pXenDmTbSfk0hUOnUVDBcwzAOBgNVHQ8B\nAf8EBAMCBaAwgcYGA1UdIASBvjCBuzCBuAYLYIYYAQIBAQUHAQIwgagwKgYIKwYB\nBQUHAgEWHmh0dHA6Ly9kZXBvLmthbXVzbS5nb3YudHIvaWxrZTB6BggrBgEFBQcC\nAjBuDGxCdSBzZXJ0aWZpa2EgaWxlIGlsZ2lsaSBzZXJ0aWZpa2EgdXlndWxhbWEg\nZXNhc2xhcsSxbsSxIG9rdW1hayBpw6dpbiBiZWxpcnRpbGVuIHdlYiBzaXRlc2lu\naSB6aXlhcmV0IGVkaW5pei4wCQYDVR0TBAIwADAdBgNVHSUEFjAUBggrBgEFBQcD\nAQYIKwYBBQUHAwIwPQYDVR0fBDYwNDAyoDCgLoYsaHR0cDovL2RlcG8ua2FtdXNt\nLmdvdi50ci9va2MvT0tDLVMyLVNJTC5jcmwwRAYIKwYBBQUHAQEEODA2MDQGCCsG\nAQUFBzAChihodHRwOi8vZGVwby5rYW11c20uZ292LnRyL29rYy9PS0MtUzIuY2Vy\nMAoGCCqGSM49BAMDA2kAMGYCMQCY0eOucYODzz8NRrkU3Rk4iXts69o3dSAYX\/UV\nxQ+BZsgIQr3xwTQvSrG6ZP66BAMCMQDpPESoNzNSwpm0gJngiS7LBOybCBtxkeiZ\n2iowkc6G\/pnM3rvpaN+w2fOjMiAOyUU=\n-----END CERTIFICATE-----\n","sign":"e1cbcc14a22b235634ced0e0783e0d7157e753312982af2b9a8014d59c69869ff1ad87a8e86ab6013ed2ae73fc869f051dae40a8db466dbcedb7e486b812618f0570da9c60a2cdb1d3a2335f3f6becf85099973f25afdb74dea4c31764747181"} - Control of chunk: 38118
[2026-04-02 16:11:24] [I] ConnectionAndroid: TLV Read successfully
[2026-04-02 16:11:24] [I] ConnectionAndroid: Serial In Mutex Unlocked
[2026-04-02 16:11:24] [I] ConnectionAndroid: listenSerial Loop Finished
[2026-04-02 16:11:24] [I] Connection: Serial In Wait Finished. Size of queue is 1
[2026-04-02 16:11:24] [I] Connection: Serial In Queue Is Not Empty. Size of queue is 1
[2026-04-02 16:11:24] [I] Connection: Received Data Type: 49
[2026-04-02 16:11:24] [I] Connection: Received Data Type: 5
[2026-04-02 16:11:24] [I] Connection: CERTIFICATE Data Received
[2026-04-02 16:11:24] [I] Connection: CERTIFICATE Data: {"certificate":"-----BEGIN CERTIFICATE-----\nMIIEAzCCA4igAwIBAgIHAMJbSQEg\/TAKBggqhkjOPQQDAzCBzTELMAkGA1UEBhMC\nVFIxGDAWBgNVBAcMD0dlYnplIC0gS29jYWVsaTFHMEUGA1UECgw+VMO8cmtpeWUg\nQmlsaW1zZWwgdmUgVGVrbm9sb2ppayBBcmHFn3TEsXJtYSBLdXJ1bXUgLSBUw5xC\nxLBUQUsxEDAOBgNVBAsMB0LEsExHRU0xSTBHBgNVBAMMQE9kZW1lIEtheWRlZGlj\naSBDaWhheiBFbGVrdHJvbmlrIFNlcnRpZmlrYSBIaXptZXQgU2FnbGF5aWNpc2kt\nUzIwHhcNMjQwMTA0MDU1MjI4WhcNMzUwMTAxMDU1MjI4WjA0MQswCQYDVQQGEwJU\nUjEOMAwGA1UECgwFVE9LRU4xFTATBgNVBAUTDEFWMDAwMDAxNzg5MzB2MBAGByqG\nSM49AgEGBSuBBAAiA2IABLxffbjxZ\/NMi\/xWZSQON3jLB8Bt8\/qX6mMOcvjJD+t0\n8TBzBAoqQxL+KREib39tue8EySAm418AQpWPJWlTa3N4FyiBTgpAWQYPHZVrIse9\nCzwLNx7Bg2K8whSd9ZBWl6OCAcwwggHIMB8GA1UdIwQYMBaAFJ9xpYFJAx9+7iB9\nSY7Ya8c+ryjyMB0GA1UdDgQWBBRbCd5pXenDmTbSfk0hUOnUVDBcwzAOBgNVHQ8B\nAf8EBAMCBaAwgcYGA1UdIASBvjCBuzCBuAYLYIYYAQIBAQUHAQIwgagwKgYIKwYB\nBQUHAgEWHmh0dHA6Ly9kZXBvLmthbXVzbS5nb3YudHIvaWxrZTB6BggrBgEFBQcC\nAjBuDGxCdSBzZXJ0aWZpa2EgaWxlIGlsZ2lsaSBzZXJ0aWZpa2EgdXlndWxhbWEg\nZXNhc2xhcsSxbsSxIG9rdW1hayBpw6dpbiBiZWxpcnRpbGVuIHdlYiBzaXRlc2lu\naSB6aXlhcmV0IGVkaW5pei4wCQYDVR0TBAIwADAdBgNVHSUEFjAUBggrBgEFBQcD\nAQYIKwYBBQUHAwIwPQYDVR0fBDYwNDAyoDCgLoYsaHR0cDovL2RlcG8ua2FtdXNt\nLmdvdi50ci9va2MvT0tDLVMyLVNJTC5jcmwwRAYIKwYBBQUHAQEEODA2MDQGCCsG\nAQUFBzAChihodHRwOi8vZGVwby5rYW11c20uZ292LnRyL29rYy9PS0MtUzIuY2Vy\nMAoGCCqGSM49BAMDA2kAMGYCMQCY0eOucYODzz8NRrkU3Rk4iXts69o3dSAYX\/UV\nxQ+BZsgIQr3xwTQvSrG6ZP66BAMCMQDpPESoNzNSwpm0gJngiS7LBOybCBtxkeiZ\n2iowkc6G\/pnM3rvpaN+w2fOjMiAOyUU=\n-----END CERTIFICATE-----\n","sign":"e1cbcc14a22b235634ced0e0783e0d7157e753312982af2b9a8014d59c69869ff1ad87a8e86ab6013ed2ae73fc869f051dae40a8db466dbcedb7e486b812618f0570da9c60a2cdb1d3a2335f3f6becf85099973f25afdb74dea4c31764747181"}
[2026-04-02 16:11:24] [I] HelperFunctions: Certificate verifying process started
[2026-04-02 16:11:24] [I] HelperFunctions: Trying to verify certificate
[2026-04-02 16:11:24] [I] HelperFunctions: -------------------
[2026-04-02 16:11:24] [I] BIO_Output: Version: 3

[2026-04-02 16:11:24] [I] BIO_Output: Serial: c25b490120fd

[2026-04-02 16:11:24] [I] X509_Info: Issuer: /C=TR/L=Gebze - Kocaeli/O=T\xC3\xBCrkiye Bilimsel ve Teknolojik Ara\xC5\x9Ft\xC4\xB1rma Kurumu - T\xC3\x9CB\xC4\xB0TAK/OU=B\xC4\xB0LGEM/CN=Odeme Kaydedici Cihaz Elektronik Sertifika Hizmet Saglayicisi-S2
[2026-04-02 16:11:24] [I] X509_Info: Valid From: Jan  4 05:52:28 2024 GMT
[2026-04-02 16:11:24] [I] X509_Info: Valid Until: Jan  4 05:52:28 2024 GMTJan  1 05:52:28 2035 GMT
[2026-04-02 16:11:24] [I] X509_Info: Subject: /C=TR/O=TOKEN/serialNumber=AV0000017893
[2026-04-02 16:11:24] [I] X509_Info: Public Key: Public-Key: (384 bit)
pub:
    04:bc:5f:7d:b8:f1:67:f3:4c:8b:fc:56:65:24:0e:
    37:78:cb:07:c0:6d:f3:fa:97:ea:63:0e:72:f8:c9:
    0f:eb:74:f1:30:73:04:0a:2a:43:12:fe:29:11:22:
    6f:7f:6d:b9:ef:04:c9:20:26:e3:5f:00:42:95:8f:
    25:69:53:6b:73:78:17:28:81:4e:0a:40:59:06:0f:
    1d:95:6b:22:c7:bd:0b:3c:0b:37:1e:c1:83:62:bc:
    c2:14:9d:f5:90:56:97
ASN1 OID: secp384r1
NIST CURVE: P-384

[2026-04-02 16:11:24] [I] HelperFunctions: -------------------
[2026-04-02 16:11:24] [I] HelperFunctions: device identifier 0
[2026-04-02 16:11:24] [I] HelperFunctions: Got certificate public key
[2026-04-02 16:11:24] [I] HelperFunctions: Sign verificator initialized
[2026-04-02 16:11:24] [I] HelperFunctions: Certificate content verificator initialized
[2026-04-02 16:11:24] [I] ConnectionAndroid: Bulk transfer short read 0
[2026-04-02 16:11:24] [I] ConnectionAndroid: LibUSB Error: Success
[2026-04-02 16:11:24] [I] ConnectionAndroid: Read bytes 
[2026-04-02 16:11:24] [I] ConnectionAndroid: CURRENT KEY01234567890123456789012345678901
[2026-04-02 16:11:24] [I] TLVProtocol: Type of chunk: 4 - Length of chunk: 16 - Value of chunk: OK - Control of chunk: 50012
[2026-04-02 16:11:24] [I] ConnectionAndroid: TLV Read successfully
[2026-04-02 16:11:24] [I] ConnectionAndroid: listenSerial Loop Finished
[2026-04-02 16:11:24] [I] HelperFunctions: Verification result: 1
[2026-04-02 16:11:24] [I] HelperFunctions: Signature length: 103
[2026-04-02 16:11:24] [I] HelperFunctions: Certificate verification successful
[2026-04-02 16:11:24] [I] Connection: Certificate Verified
[2026-04-02 16:11:24] [I] Connection: Sharing key
[2026-04-02 16:11:24] [I] Connection: Request Type: 6 Enqueued 104 bytes to write.
[2026-04-02 16:11:24] [I] Connection: Encryption Key Sent: 04884725084054126229360369403973
[2026-04-02 16:11:24] [I] Connection: Key Shared After Certificate
[2026-04-02 16:11:24] [I] Connection: Received Data Type: 50
[2026-04-02 16:11:24] [I] Connection: serialInQueue Popped
[2026-04-02 16:11:24] [I] Connection: Serial In Queue Is Not Empty. Size of queue is 1
[2026-04-02 16:11:24] [I] Connection: Received Data Type: 49
[2026-04-02 16:11:24] [I] Connection: Received Data Type: 4
[2026-04-02 16:11:24] [I] Connection: Received Data Type: 50
[2026-04-02 16:11:24] [I] Connection: serialInQueue Popped
[2026-04-02 16:11:24] [I] Connection: Serial In Loop Finished
[2026-04-02 16:11:24] [I] Connection: Serial In Mutex Locked
[2026-04-02 16:11:24] [I] ConnectionAndroid: Trying to write to 1
[2026-04-02 16:11:24] [I] ConnectionAndroid: 104 Bytes Written
[2026-04-02 16:11:24] [I] ConnectionAndroid: sendSerial loop finished
[2026-04-02 16:11:24] [I] ConnectionAndroid: Bulk transfer short read 0
[2026-04-02 16:11:24] [I] ConnectionAndroid: LibUSB Error: Success
[2026-04-02 16:11:24] [I] ConnectionAndroid: Read bytes 
[2026-04-02 16:11:24] [I] ConnectionAndroid: CURRENT KEY04884725084054126229360369403973
[2026-04-02 16:11:24] [I] ConnectionAndroid: Serial In Mutex Locked
[2026-04-02 16:11:24] [I] TLVProtocol: Type of chunk: 6 - Length of chunk: 16 - Value of chunk: OK - Control of chunk: 15840
[2026-04-02 16:11:24] [I] ConnectionAndroid: TLV Read successfully
[2026-04-02 16:11:24] [I] ConnectionAndroid: Serial In Mutex Unlocked
[2026-04-02 16:11:24] [I] ConnectionAndroid: listenSerial Loop Finished
[2026-04-02 16:11:24] [I] Connection: Serial In Wait Finished. Size of queue is 1
[2026-04-02 16:11:24] [I] Connection: Serial In Queue Is Not Empty. Size of queue is 1
[2026-04-02 16:11:24] [I] Connection: Received Data Type: 49
[2026-04-02 16:11:24] [I] Connection: Received Data Type: 6
[2026-04-02 16:11:24] [I] Connection: SHARE_KEY Data Received
[2026-04-02 16:11:24] [I] Connection: SHARE_KEY Data Received And Data Is OK
[2026-04-02 16:11:24] [I] Connection: DEVICE_INFO Request Sent
[2026-04-02 16:11:24] [I] Connection: Request Type: 0 Enqueued 120 bytes to write.
[2026-04-02 16:11:24] [I] Connection: ConnectionState is 1 (Active)
[2026-04-02 16:11:24] [I] Connection: Received Data Type: 50
[2026-04-02 16:11:24] [I] Connection: serialInQueue Popped
[2026-04-02 16:11:24] [I] Connection: Serial In Loop Finished
[2026-04-02 16:11:24] [I] Connection: Serial In Mutex Locked
[2026-04-02 16:11:24] [I] ConnectionAndroid: Trying to write to 1
[2026-04-02 16:11:24] [I] ConnectionAndroid: Bulk transfer short read 0
[2026-04-02 16:11:24] [I] ConnectionAndroid: LibUSB Error: Success
[2026-04-02 16:11:24] [I] ConnectionAndroid: Read bytes 
[2026-04-02 16:11:24] [I] ConnectionAndroid: CURRENT KEY04884725084054126229360369403973
[2026-04-02 16:11:24] [I] ConnectionAndroid: Serial In Mutex Locked
[2026-04-02 16:11:24] [I] ConnectionAndroid: 120 Bytes Written
[2026-04-02 16:11:24] [I] ConnectionAndroid: sendSerial loop finished
[2026-04-02 16:11:24] [I] TLVProtocol: Type of chunk: 6 - Length of chunk: 16 - Value of chunk: OK - Control of chunk: 15840
[2026-04-02 16:11:24] [I] ConnectionAndroid: TLV Read successfully
[2026-04-02 16:11:24] [I] ConnectionAndroid: Serial In Mutex Unlocked
[2026-04-02 16:11:24] [I] ConnectionAndroid: listenSerial Loop Finished
[2026-04-02 16:11:24] [I] Connection: Serial In Wait Finished. Size of queue is 1
[2026-04-02 16:11:24] [I] Connection: Serial In Queue Is Not Empty. Size of queue is 1
[2026-04-02 16:11:24] [I] Connection: Received Data Type: 49
[2026-04-02 16:11:24] [I] Connection: Received Data Type: 6
[2026-04-02 16:11:24] [I] Connection: SHARE_KEY Data Received
[2026-04-02 16:11:24] [I] Connection: SHARE_KEY Data Received And Data Is OK
[2026-04-02 16:11:24] [I] Connection: DEVICE_INFO Request Sent
[2026-04-02 16:11:24] [I] Connection: Request Type: 0 Enqueued 120 bytes to write.
[2026-04-02 16:11:24] [I] Connection: ConnectionState is 1 (Active)
[2026-04-02 16:11:24] [I] Connection: Received Data Type: 50
[2026-04-02 16:11:24] [I] Connection: serialInQueue Popped
[2026-04-02 16:11:24] [I] Connection: Serial In Loop Finished
[2026-04-02 16:11:24] [I] Connection: Serial In Mutex Locked
[2026-04-02 16:11:24] [I] ConnectionAndroid: Trying to write to 1
[2026-04-02 16:11:24] [I] ConnectionAndroid: Bulk transfer short read 0
[2026-04-02 16:11:24] [I] ConnectionAndroid: LibUSB Error: Success
[2026-04-02 16:11:24] [I] ConnectionAndroid: Read bytes 
[2026-04-02 16:11:24] [I] ConnectionAndroid: CURRENT KEY04884725084054126229360369403973
[2026-04-02 16:11:24] [I] ConnectionAndroid: Serial In Mutex Locked
[2026-04-02 16:11:24] [I] TLVProtocol: Type of chunk: 0 - Length of chunk: 32 - Value of chunk: AV0000017893 - Control of chunk: 22319
[2026-04-02 16:11:24] [I] ConnectionAndroid: TLV Read successfully
[2026-04-02 16:11:24] [I] ConnectionAndroid: Serial In Mutex Unlocked
[2026-04-02 16:11:24] [I] ConnectionAndroid: listenSerial Loop Finished
[2026-04-02 16:11:24] [I] Connection: Serial In Wait Finished. Size of queue is 1
[2026-04-02 16:11:24] [I] Connection: Serial In Queue Is Not Empty. Size of queue is 1
[2026-04-02 16:11:24] [I] Connection: Received Data Type: 49
[2026-04-02 16:11:24] [I] Connection: Received Data Type: 0
[2026-04-02 16:11:24] [I] Connection: Device Info: AV0000017893
[2026-04-02 16:11:24] [I] Connection: Device State Callback Invoking
[2026-04-02 16:11:24] [I] Connection: Device State Callback Invoked
[2026-04-02 16:11:24] [I] ConnectionAndroid: 120 Bytes Written
[2026-04-02 16:11:24] [I] ConnectionAndroid: sendSerial loop finished
[2026-04-02 16:11:24] [I] ConnectionAndroid: Bulk transfer short read 0
[2026-04-02 16:11:24] [I] ConnectionAndroid: LibUSB Error: Success
[2026-04-02 16:11:24] [I] ConnectionAndroid: Read bytes 
[2026-04-02 16:11:24] [I] ConnectionAndroid: CURRENT KEY04884725084054126229360369403973
[2026-04-02 16:11:24] [I] TLVProtocol: Type of chunk: 0 - Length of chunk: 16 - Value of chunk: OK - Control of chunk: 57750
[2026-04-02 16:11:24] [I] ConnectionAndroid: TLV Read successfully
[2026-04-02 16:11:24] [I] ConnectionAndroid: listenSerial Loop Finished
[2026-04-02 16:11:24] [I] Connection: Request Type: 2 Enqueued 72 bytes to write.
[2026-04-02 16:11:24] [I] Connection: FISCAL_INFO Request Sent
[2026-04-02 16:11:24] [I] Connection: Device Info Could Not Be Sent
[2026-04-02 16:11:24] [I] Connection: Received Data Type: 50
[2026-04-02 16:11:24] [I] Connection: serialInQueue Popped
[2026-04-02 16:11:24] [I] Connection: Serial In Queue Is Not Empty. Size of queue is 1
[2026-04-02 16:11:24] [I] Connection: Received Data Type: 49
[2026-04-02 16:11:24] [I] Connection: Received Data Type: 0
[2026-04-02 16:11:24] [I] Connection: Received Data Type: 50
[2026-04-02 16:11:24] [I] Connection: serialInQueue Popped
[2026-04-02 16:11:24] [I] Connection: Serial In Loop Finished
[2026-04-02 16:11:24] [I] Connection: Serial In Mutex Locked
[2026-04-02 16:11:24] [I] ConnectionAndroid: Trying to write to 1
[2026-04-02 16:11:24] [I] ConnectionAndroid: Bulk transfer short read 0
[2026-04-02 16:11:24] [I] ConnectionAndroid: LibUSB Error: Success
[2026-04-02 16:11:24] [I] ConnectionAndroid: Read bytes 
[2026-04-02 16:11:24] [I] ConnectionAndroid: CURRENT KEY04884725084054126229360369403973
[2026-04-02 16:11:24] [I] ConnectionAndroid: Serial In Mutex Locked
[2026-04-02 16:11:24] [I] TLVProtocol: Type of chunk: 0 - Length of chunk: 32 - Value of chunk: AV0000017893 - Control of chunk: 22319
[2026-04-02 16:11:24] [I] ConnectionAndroid: TLV Read successfully
[2026-04-02 16:11:24] [I] ConnectionAndroid: Serial In Mutex Unlocked
[2026-04-02 16:11:24] [I] ConnectionAndroid: listenSerial Loop Finished
[2026-04-02 16:11:24] [I] Connection: Serial In Wait Finished. Size of queue is 1
[2026-04-02 16:11:24] [I] Connection: Serial In Queue Is Not Empty. Size of queue is 1
[2026-04-02 16:11:24] [I] Connection: Received Data Type: 49
[2026-04-02 16:11:24] [I] Connection: Received Data Type: 0
[2026-04-02 16:11:24] [I] Connection: Device Info: AV0000017893
[2026-04-02 16:11:24] [I] Connection: Device State Callback Invoking
[2026-04-02 16:11:24] [I] Connection: Device State Callback Invoked
[2026-04-02 16:11:24] [I] Connection: Device Info Could Not Be Sent
[2026-04-02 16:11:24] [I] Connection: Received Data Type: 50
[2026-04-02 16:11:24] [I] Connection: serialInQueue Popped
[2026-04-02 16:11:24] [I] Connection: Serial In Loop Finished
[2026-04-02 16:11:24] [I] Connection: Serial In Mutex Locked
[2026-04-02 16:11:24] [I] ConnectionAndroid: Bulk transfer short read 0
[2026-04-02 16:11:24] [I] ConnectionAndroid: LibUSB Error: Success
[2026-04-02 16:11:24] [I] ConnectionAndroid: Read bytes 
[2026-04-02 16:11:24] [I] ConnectionAndroid: CURRENT KEY04884725084054126229360369403973
[2026-04-02 16:11:24] [I] ConnectionAndroid: Serial In Mutex Locked
[2026-04-02 16:11:24] [I] TLVProtocol: Type of chunk: 0 - Length of chunk: 16 - Value of chunk: OK - Control of chunk: 57750
[2026-04-02 16:11:24] [I] ConnectionAndroid: TLV Read successfully
[2026-04-02 16:11:24] [I] ConnectionAndroid: Serial In Mutex Unlocked
[2026-04-02 16:11:24] [I] ConnectionAndroid: listenSerial Loop Finished
[2026-04-02 16:11:24] [I] ConnectionAndroid: 72 Bytes Written
[2026-04-02 16:11:24] [I] ConnectionAndroid: sendSerial loop finished
[2026-04-02 16:11:24] [I] Connection: Serial In Wait Finished. Size of queue is 1
[2026-04-02 16:11:24] [I] Connection: Serial In Queue Is Not Empty. Size of queue is 1
[2026-04-02 16:11:24] [I] Connection: Received Data Type: 49
[2026-04-02 16:11:24] [I] Connection: Received Data Type: 0
[2026-04-02 16:11:24] [I] Connection: Received Data Type: 50
[2026-04-02 16:11:24] [I] Connection: serialInQueue Popped
[2026-04-02 16:11:24] [I] Connection: Serial In Loop Finished
[2026-04-02 16:11:24] [I] Connection: Serial In Mutex Locked
[2026-04-02 16:11:24] [I] ConnectionAndroid: Bulk transfer short read 0
[2026-04-02 16:11:24] [I] ConnectionAndroid: LibUSB Error: Success
[2026-04-02 16:11:24] [I] ConnectionAndroid: Read bytes 
[2026-04-02 16:11:24] [I] ConnectionAndroid: CURRENT KEY04884725084054126229360369403973
[2026-04-02 16:11:24] [I] ConnectionAndroid: Serial In Mutex Locked
[2026-04-02 16:11:24] [I] TLVProtocol: Type of chunk: 2 - Length of chunk: 400 - Value of chunk: {"businessMode":0,"pluCount":5,"plus":[{"barcode":"123456789001","name":"ETI GOFRET","pluNo":1,"price":500,"sectionNo":1,"status":1,"taxPercent":2000,"type":0,"unit":"","vatID":1},{"barcode":"123456789002","name":"ALGIDA MAGNUM","pluNo":2,"price":2500,"sectionNo":1,"status":1,"taxPercent":2000,"type":0,"unit":"","vatID":1},{"barcode":"123456789003","name":"ULUDAG LIMONATA","pluNo":3,"price":2500,"sectionNo":4,"status":1,"taxPercent":0,"type":0,"unit":"","vatID":1},{"barcode":"123456789008","name":"FUSE TEA LIMON","pluNo":4,"price":3000,"sectionNo":4,"status":1,"taxPercent":0,"type":0,"unit":"","vatID":1},{"barcode":"2525255255","name":"parol","pluNo":5,"price":2552,"sectionNo":2,"status":1,"taxPercent":1000,"type":0,"unit":"Adet","vatID":3}],"receiptLimit":525000,"sectionCount":7,"sections":[{"limit":0,"name":"KDV %20","price":100,"sectionNo":1,"status":1,"taxPercent":2000,"type":0},{"limit":0,"name":"KDV %10","price":200,"sectionNo":2,"status":1,"taxPercent":1000,"type":0},{"limit":0,"name":"KDV  %1","price":300,"sectionNo":3,"status":1,"taxPercent":100,"type":0},{"limit":0,"name":"KDV %0","price":400,"sectionNo":4,"status":1,"taxPercent":0,"type":0},{"limit":0,"name":"KATILIM PAYI","price":500,"sectionNo":5,"status":1,"taxPercent":1000,"type":0},{"limit":0,"name":"FÝYAT FARKI","price":600,"sectionNo":6,"status":1,"taxPercent":1000,"type":0},{"limit":0,"name":"POŢET","price":0,"sectionNo":7,"status":1,"taxPercent":2000,"type":0}]} - Control of chunk: 9819
[2026-04-02 16:11:24] [I] ConnectionAndroid: TLV Read successfully
[2026-04-02 16:11:24] [I] Connection: Serial In Wait Finished. Size of queue is 1
[2026-04-02 16:11:24] [I] Connection: Serial In Queue Is Not Empty. Size of queue is 1
[2026-04-02 16:11:24] [I] Connection: Received Data Type: 49
[2026-04-02 16:11:24] [I] Connection: Received Data Type: 2
[2026-04-02 16:11:24] [I] Connection: FISCAL_INFO Data Received
[2026-04-02 16:11:24] [I] Connection: Received Data Type: 50
[2026-04-02 16:11:24] [I] Connection: serialInQueue Popped
[2026-04-02 16:11:24] [I] Connection: Serial In Loop Finished
[2026-04-02 16:11:24] [I] Connection: Serial In Mutex Locked
[2026-04-02 16:11:24] [I] ConnectionAndroid: Serial In Mutex Unlocked
[2026-04-02 16:11:24] [I] ConnectionAndroid: listenSerial Loop Finished
[2026-04-02 16:11:24] [I] ConnectionAndroid: Bulk transfer short read 0
[2026-04-02 16:11:24] [I] ConnectionAndroid: LibUSB Error: Success
[2026-04-02 16:11:24] [I] ConnectionAndroid: Read bytes 
[2026-04-02 16:11:24] [I] ConnectionAndroid: CURRENT KEY04884725084054126229360369403973
[2026-04-02 16:11:24] [I] ConnectionAndroid: Serial In Mutex Locked
[2026-04-02 16:11:24] [I] TLVProtocol: Type of chunk: 2 - Length of chunk: 16 - Value of chunk: OK - Control of chunk: 23131
[2026-04-02 16:11:24] [I] ConnectionAndroid: TLV Read successfully
[2026-04-02 16:11:24] [I] ConnectionAndroid: Serial In Mutex Unlocked
[2026-04-02 16:11:24] [I] ConnectionAndroid: listenSerial Loop Finished
[2026-04-02 16:11:24] [I] Connection: Serial In Wait Finished. Size of queue is 1
[2026-04-02 16:11:24] [I] Connection: Serial In Queue Is Not Empty. Size of queue is 1
[2026-04-02 16:11:24] [I] Connection: Received Data Type: 49
[2026-04-02 16:11:24] [I] Connection: Received Data Type: 2
[2026-04-02 16:11:24] [I] Connection: Received Data Type: 50
[2026-04-02 16:11:24] [I] Connection: serialInQueue Popped
[2026-04-02 16:11:24] [I] Connection: Serial In Loop Finished
[2026-04-02 16:11:24] [I] Connection: Serial In Mutex Locked
[2026-04-02 16:12:30] [I] ConnectionWrapper: setSerialInCallback called
[2026-04-02 16:12:30] [I] ConnectionWrapper: Setting serialInCallback for device index: 0
[2026-04-02 16:12:30] [I] Connection: Serial In Callback Is Initialized
[2026-04-02 16:12:30] [I] ConnectionWrapper: Setting serialInCallback for device index: 1
[2026-04-02 16:12:30] [I] Connection: Serial In Callback Is Initialized
[2026-04-02 16:12:30] [I] ConnectionWrapper: setDeviceStateCallback called
[2026-04-02 16:12:30] [I] ConnectionWrapper: Setting deviceStateCallback for device index: 0
[2026-04-02 16:12:30] [I] Connection: Device State Callback Is Initialized
[2026-04-02 16:12:30] [I] ConnectionWrapper: Setting deviceStateCallback for device index: 1
[2026-04-02 16:12:30] [I] Connection: Device State Callback Is Initialized
[2026-04-02 16:12:32] [I] ConnectionWrapper: setSerialInCallback called
[2026-04-02 16:12:32] [I] ConnectionWrapper: Setting serialInCallback for device index: 0
[2026-04-02 16:12:32] [I] Connection: Serial In Callback Is Initialized
[2026-04-02 16:12:32] [I] ConnectionWrapper: Setting serialInCallback for device index: 1
[2026-04-02 16:12:32] [I] Connection: Serial In Callback Is Initialized
[2026-04-02 16:12:32] [I] ConnectionWrapper: setDeviceStateCallback called
[2026-04-02 16:12:32] [I] ConnectionWrapper: Setting deviceStateCallback for device index: 0
[2026-04-02 16:12:32] [I] Connection: Device State Callback Is Initialized
[2026-04-02 16:12:32] [I] ConnectionWrapper: Setting deviceStateCallback for device index: 1
[2026-04-02 16:12:32] [I] Connection: Device State Callback Is Initialized
[2026-04-02 16:12:33] [I] ConnectionWrapper: setSerialInCallback called
[2026-04-02 16:12:33] [I] ConnectionWrapper: Setting serialInCallback for device index: 0
[2026-04-02 16:12:33] [I] Connection: Serial In Callback Is Initialized
[2026-04-02 16:12:33] [I] ConnectionWrapper: Setting serialInCallback for device index: 1
[2026-04-02 16:12:33] [I] Connection: Serial In Callback Is Initialized
[2026-04-02 16:12:33] [I] ConnectionWrapper: setDeviceStateCallback called
[2026-04-02 16:12:33] [I] ConnectionWrapper: Setting deviceStateCallback for device index: 0
[2026-04-02 16:12:33] [I] Connection: Device State Callback Is Initialized
[2026-04-02 16:12:33] [I] ConnectionWrapper: Setting deviceStateCallback for device index: 1
[2026-04-02 16:12:33] [I] Connection: Device State Callback Is Initialized
[2026-04-02 16:15:44] [I] Connection: Sending Basket Data
[2026-04-02 16:15:44] [I] Connection: {"basketID":"test-001","documentType":0,"taxFreeAmount":0,"createInvoice":false,"isWayBill":false,"note":"Test satisi","items":[{"barcode":"123456","name":"Deneme Urun","pluNo":1,"price":1000,"sectionNo":1,"taxPercent":10,"type":0,"unit":"ADET","vatID":1,"limit":0,"quantity":1000}],"paymentItems":[]}
[2026-04-02 16:15:44] [I] Connection: Request Type: 1 Enqueued 280 bytes to write.
[2026-04-02 16:15:44] [I] ConnectionAndroid: Trying to write to 1
[2026-04-02 16:15:44] [I] ConnectionAndroid: 280 Bytes Written
[2026-04-02 16:15:44] [I] ConnectionAndroid: sendSerial loop finished
[2026-04-02 16:15:44] [I] ConnectionAndroid: Bulk transfer short read 0
[2026-04-02 16:15:44] [I] ConnectionAndroid: LibUSB Error: Success
[2026-04-02 16:15:44] [I] ConnectionAndroid: Read bytes 
[2026-04-02 16:15:44] [I] ConnectionAndroid: CURRENT KEY04884725084054126229360369403973
[2026-04-02 16:15:44] [I] ConnectionAndroid: Serial In Mutex Locked
[2026-04-02 16:15:44] [I] TLVProtocol: Type of chunk: 1 - Length of chunk: 16 - Value of chunk: OK - Control of chunk: 13408
[2026-04-02 16:15:44] [I] ConnectionAndroid: TLV Read successfully
[2026-04-02 16:15:44] [I] ConnectionAndroid: Serial In Mutex Unlocked
[2026-04-02 16:15:44] [I] ConnectionAndroid: listenSerial Loop Finished
[2026-04-02 16:15:44] [I] Connection: Serial In Wait Finished. Size of queue is 1
[2026-04-02 16:15:44] [I] Connection: Serial In Queue Is Not Empty. Size of queue is 1
[2026-04-02 16:15:44] [I] Connection: Received Data Type: 49
[2026-04-02 16:15:44] [I] Connection: Received Data Type: 1
[2026-04-02 16:15:44] [I] Connection: Received Data Type: 50
[2026-04-02 16:15:44] [I] Connection: serialInQueue Popped
[2026-04-02 16:15:44] [I] Connection: Serial In Loop Finished
[2026-04-02 16:15:44] [I] Connection: Serial In Mutex Locked
[2026-04-02 16:15:49] [I] ConnectionAndroid: Bulk transfer short read 0
[2026-04-02 16:15:49] [I] ConnectionAndroid: LibUSB Error: Success
[2026-04-02 16:15:49] [I] ConnectionAndroid: Read bytes 
[2026-04-02 16:15:49] [I] ConnectionAndroid: CURRENT KEY04884725084054126229360369403973
[2026-04-02 16:15:49] [I] ConnectionAndroid: Serial In Mutex Locked
[2026-04-02 16:15:49] [I] TLVProtocol: Type of chunk: 3 - Length of chunk: 64 - Value of chunk: {"basketID":"test-001","message":"CANCELLED","status":-1} - Control of chunk: 55873
[2026-04-02 16:15:49] [I] ConnectionAndroid: TLV Read successfully
[2026-04-02 16:15:49] [I] ConnectionAndroid: Serial In Mutex Unlocked
[2026-04-02 16:15:49] [I] ConnectionAndroid: listenSerial Loop Finished
[2026-04-02 16:15:49] [I] Connection: Serial In Wait Finished. Size of queue is 1
[2026-04-02 16:15:49] [I] Connection: Serial In Queue Is Not Empty. Size of queue is 1
[2026-04-02 16:15:49] [I] Connection: Received Data Type: 49
[2026-04-02 16:15:49] [I] Connection: Received Data Type: 3
[2026-04-02 16:15:49] [I] Connection: SALE_INFO Data Received
[2026-04-02 16:15:49] [I] Connection: Serial In Callback Invoking
[2026-04-02 16:15:49] [I] Connection: Serial In Callback Invoked
[2026-04-02 16:15:49] [I] Connection: Request Type: 3 Enqueued 72 bytes to write.
[2026-04-02 16:15:49] [I] Connection: SALE_INFO Data Sent With OK
[2026-04-02 16:15:49] [I] Connection: Received Data Type: 50
[2026-04-02 16:15:49] [I] Connection: serialInQueue Popped
[2026-04-02 16:15:49] [I] Connection: Serial In Loop Finished
[2026-04-02 16:15:49] [I] Connection: Serial In Mutex Locked
[2026-04-02 16:15:49] [I] ConnectionAndroid: Trying to write to 1
[2026-04-02 16:15:49] [I] ConnectionAndroid: 72 Bytes Written
[2026-04-02 16:15:49] [I] ConnectionAndroid: sendSerial loop finished
[2026-04-02 16:15:49] [I] ConnectionAndroid: Bulk transfer short read 0
[2026-04-02 16:15:49] [I] ConnectionAndroid: LibUSB Error: Success
[2026-04-02 16:15:49] [I] ConnectionAndroid: Read bytes 
[2026-04-02 16:15:49] [I] ConnectionAndroid: CURRENT KEY04884725084054126229360369403973
[2026-04-02 16:15:49] [I] ConnectionAndroid: Serial In Mutex Locked
[2026-04-02 16:15:49] [I] TLVProtocol: Type of chunk: 3 - Length of chunk: 16 - Value of chunk: OK - Control of chunk: 36781
[2026-04-02 16:15:49] [I] ConnectionAndroid: TLV Read successfully
[2026-04-02 16:15:49] [I] ConnectionAndroid: Serial In Mutex Unlocked
[2026-04-02 16:15:49] [I] ConnectionAndroid: listenSerial Loop Finished
[2026-04-02 16:15:49] [I] Connection: Serial In Wait Finished. Size of queue is 1
[2026-04-02 16:15:49] [I] Connection: Serial In Queue Is Not Empty. Size of queue is 1
[2026-04-02 16:15:49] [I] Connection: Received Data Type: 49
[2026-04-02 16:15:49] [I] Connection: Received Data Type: 3
[2026-04-02 16:15:49] [I] Connection: Received Data Type: 50
[2026-04-02 16:15:49] [I] Connection: serialInQueue Popped
[2026-04-02 16:15:49] [I] Connection: Serial In Loop Finished
[2026-04-02 16:15:49] [I] Connection: Serial In Mutex Locked
[2026-04-02 16:30:15] [I] Connection: Sending Basket Data
[2026-04-02 16:30:15] [I] Connection: {"basketID":"test-001","documentType":0,"taxFreeAmount":0,"createInvoice":false,"isWayBill":false,"note":"Test satisi","items":[{"barcode":"123456","name":"Deneme Urun","pluNo":1,"price":1000,"sectionNo":1,"taxPercent":10,"type":0,"unit":"ADET","vatID":1,"limit":0,"quantity":1000}],"paymentItems":[]}
[2026-04-02 16:30:15] [I] Connection: Request Type: 1 Enqueued 280 bytes to write.
[2026-04-02 16:30:15] [I] ConnectionAndroid: Trying to write to 1
[2026-04-02 16:30:15] [I] ConnectionAndroid: 280 Bytes Written
[2026-04-02 16:30:15] [I] ConnectionAndroid: sendSerial loop finished
[2026-04-02 16:30:15] [I] ConnectionAndroid: Bulk transfer short read 0
[2026-04-02 16:30:15] [I] ConnectionAndroid: LibUSB Error: Success
[2026-04-02 16:30:15] [I] ConnectionAndroid: Read bytes 
[2026-04-02 16:30:15] [I] ConnectionAndroid: CURRENT KEY04884725084054126229360369403973
[2026-04-02 16:30:15] [I] ConnectionAndroid: Serial In Mutex Locked
[2026-04-02 16:30:15] [I] TLVProtocol: Type of chunk: 1 - Length of chunk: 16 - Value of chunk: OK - Control of chunk: 13408
[2026-04-02 16:30:15] [I] ConnectionAndroid: TLV Read successfully
[2026-04-02 16:30:15] [I] ConnectionAndroid: Serial In Mutex Unlocked
[2026-04-02 16:30:15] [I] ConnectionAndroid: listenSerial Loop Finished
[2026-04-02 16:30:15] [I] Connection: Serial In Wait Finished. Size of queue is 1
[2026-04-02 16:30:15] [I] Connection: Serial In Queue Is Not Empty. Size of queue is 1
[2026-04-02 16:30:15] [I] Connection: Received Data Type: 49
[2026-04-02 16:30:15] [I] Connection: Received Data Type: 1
[2026-04-02 16:30:15] [I] Connection: Received Data Type: 50
[2026-04-02 16:30:15] [I] Connection: serialInQueue Popped
[2026-04-02 16:30:15] [I] Connection: Serial In Loop Finished
[2026-04-02 16:30:15] [I] Connection: Serial In Mutex Locked
[2026-04-02 16:30:23] [I] ConnectionAndroid: Bulk transfer short read 0
[2026-04-02 16:30:23] [I] ConnectionAndroid: LibUSB Error: Success
[2026-04-02 16:30:23] [I] ConnectionAndroid: Read bytes 
[2026-04-02 16:30:23] [I] ConnectionAndroid: CURRENT KEY04884725084054126229360369403973
[2026-04-02 16:30:23] [I] ConnectionAndroid: Serial In Mutex Locked
[2026-04-02 16:30:23] [I] TLVProtocol: Type of chunk: 3 - Length of chunk: 64 - Value of chunk: {"basketID":"test-001","message":"CANCELLED","status":-1} - Control of chunk: 55873
[2026-04-02 16:30:23] [I] ConnectionAndroid: TLV Read successfully
[2026-04-02 16:30:23] [I] ConnectionAndroid: Serial In Mutex Unlocked
[2026-04-02 16:30:23] [I] ConnectionAndroid: listenSerial Loop Finished
[2026-04-02 16:30:23] [I] Connection: Serial In Wait Finished. Size of queue is 1
[2026-04-02 16:30:23] [I] Connection: Serial In Queue Is Not Empty. Size of queue is 1
[2026-04-02 16:30:23] [I] Connection: Received Data Type: 49
[2026-04-02 16:30:23] [I] Connection: Received Data Type: 3
[2026-04-02 16:30:23] [I] Connection: SALE_INFO Data Received
[2026-04-02 16:30:23] [I] Connection: Serial In Callback Invoking
[2026-04-02 16:30:23] [I] Connection: Serial In Callback Invoked
[2026-04-02 16:30:23] [I] Connection: Request Type: 3 Enqueued 72 bytes to write.
[2026-04-02 16:30:23] [I] Connection: SALE_INFO Data Sent With OK
[2026-04-02 16:30:23] [I] Connection: Received Data Type: 50
[2026-04-02 16:30:23] [I] Connection: serialInQueue Popped
[2026-04-02 16:30:23] [I] Connection: Serial In Loop Finished
[2026-04-02 16:30:23] [I] Connection: Serial In Mutex Locked
[2026-04-02 16:30:23] [I] ConnectionAndroid: Trying to write to 1
[2026-04-02 16:30:23] [I] ConnectionAndroid: 72 Bytes Written
[2026-04-02 16:30:23] [I] ConnectionAndroid: sendSerial loop finished
[2026-04-02 16:30:23] [I] ConnectionAndroid: Bulk transfer short read 0
[2026-04-02 16:30:23] [I] ConnectionAndroid: LibUSB Error: Success
[2026-04-02 16:30:23] [I] ConnectionAndroid: Read bytes 
[2026-04-02 16:30:23] [I] ConnectionAndroid: CURRENT KEY04884725084054126229360369403973
[2026-04-02 16:30:23] [I] ConnectionAndroid: Serial In Mutex Locked
[2026-04-02 16:30:23] [I] TLVProtocol: Type of chunk: 3 - Length of chunk: 16 - Value of chunk: OK - Control of chunk: 36781
[2026-04-02 16:30:23] [I] ConnectionAndroid: TLV Read successfully
[2026-04-02 16:30:23] [I] ConnectionAndroid: Serial In Mutex Unlocked
[2026-04-02 16:30:23] [I] ConnectionAndroid: listenSerial Loop Finished
[2026-04-02 16:30:23] [I] Connection: Serial In Wait Finished. Size of queue is 1
[2026-04-02 16:30:23] [I] Connection: Serial In Queue Is Not Empty. Size of queue is 1
[2026-04-02 16:30:23] [I] Connection: Received Data Type: 49
[2026-04-02 16:30:23] [I] Connection: Received Data Type: 3
[2026-04-02 16:30:23] [I] Connection: Received Data Type: 50
[2026-04-02 16:30:23] [I] Connection: serialInQueue Popped
[2026-04-02 16:30:23] [I] Connection: Serial In Loop Finished
[2026-04-02 16:30:23] [I] Connection: Serial In Mutex Locked
[2026-04-02 17:49:15] [I] Connection: Sending Basket Data
[2026-04-02 17:49:15] [I] Connection: {"basketID":"test-001","documentType":0,"taxFreeAmount":0,"createInvoice":false,"isWayBill":false,"note":"Test satisi","items":[{"barcode":"123456","name":"Deneme Urun","pluNo":1,"price":1000,"sectionNo":1,"taxPercent":10,"type":0,"unit":"ADET","vatID":1,"limit":0,"quantity":1000}],"paymentItems":[]}
[2026-04-02 17:49:15] [I] Connection: Request Type: 1 Enqueued 280 bytes to write.
[2026-04-02 17:49:15] [I] ConnectionAndroid: Trying to write to 1
[2026-04-02 17:49:15] [I] ConnectionAndroid: 280 Bytes Written
[2026-04-02 17:49:15] [I] ConnectionAndroid: sendSerial loop finished
[2026-04-02 17:49:15] [I] ConnectionAndroid: Bulk transfer short read 0
[2026-04-02 17:49:15] [I] ConnectionAndroid: LibUSB Error: Success
[2026-04-02 17:49:15] [I] ConnectionAndroid: Read bytes 
[2026-04-02 17:49:15] [I] ConnectionAndroid: CURRENT KEY04884725084054126229360369403973
[2026-04-02 17:49:15] [I] ConnectionAndroid: Serial In Mutex Locked
[2026-04-02 17:49:15] [I] TLVProtocol: Type of chunk: 1 - Length of chunk: 16 - Value of chunk: OK - Control of chunk: 13408
[2026-04-02 17:49:15] [I] ConnectionAndroid: TLV Read successfully
[2026-04-02 17:49:15] [I] ConnectionAndroid: Serial In Mutex Unlocked
[2026-04-02 17:49:15] [I] ConnectionAndroid: listenSerial Loop Finished
[2026-04-02 17:49:15] [I] Connection: Serial In Wait Finished. Size of queue is 1
[2026-04-02 17:49:15] [I] Connection: Serial In Queue Is Not Empty. Size of queue is 1
[2026-04-02 17:49:15] [I] Connection: Received Data Type: 49
[2026-04-02 17:49:15] [I] Connection: Received Data Type: 1
[2026-04-02 17:49:15] [I] Connection: Received Data Type: 50
[2026-04-02 17:49:15] [I] Connection: serialInQueue Popped
[2026-04-02 17:49:15] [I] Connection: Serial In Loop Finished
[2026-04-02 17:49:15] [I] Connection: Serial In Mutex Locked
[2026-04-02 17:49:17] [I] ConnectionAndroid: Bulk transfer short read 0
[2026-04-02 17:49:17] [I] ConnectionAndroid: LibUSB Error: Success
[2026-04-02 17:49:17] [I] ConnectionAndroid: Read bytes 
[2026-04-02 17:49:17] [I] ConnectionAndroid: CURRENT KEY04884725084054126229360369403973
[2026-04-02 17:49:17] [I] ConnectionAndroid: Serial In Mutex Locked
[2026-04-02 17:49:17] [I] TLVProtocol: Type of chunk: 3 - Length of chunk: 64 - Value of chunk: {"basketID":"test-001","message":"CANCELLED","status":-1} - Control of chunk: 55873
[2026-04-02 17:49:17] [I] ConnectionAndroid: TLV Read successfully
[2026-04-02 17:49:17] [I] ConnectionAndroid: Serial In Mutex Unlocked
[2026-04-02 17:49:17] [I] ConnectionAndroid: listenSerial Loop Finished
[2026-04-02 17:49:17] [I] Connection: Serial In Wait Finished. Size of queue is 1
[2026-04-02 17:49:17] [I] Connection: Serial In Queue Is Not Empty. Size of queue is 1
[2026-04-02 17:49:17] [I] Connection: Received Data Type: 49
[2026-04-02 17:49:17] [I] Connection: Received Data Type: 3
[2026-04-02 17:49:17] [I] Connection: SALE_INFO Data Received
[2026-04-02 17:49:17] [I] Connection: Serial In Callback Invoking
[2026-04-02 17:49:17] [I] Connection: Serial In Callback Invoked
[2026-04-02 17:49:17] [I] Connection: Request Type: 3 Enqueued 72 bytes to write.
[2026-04-02 17:49:17] [I] Connection: SALE_INFO Data Sent With OK
[2026-04-02 17:49:17] [I] Connection: Received Data Type: 50
[2026-04-02 17:49:17] [I] Connection: serialInQueue Popped
[2026-04-02 17:49:17] [I] Connection: Serial In Loop Finished
[2026-04-02 17:49:17] [I] Connection: Serial In Mutex Locked
[2026-04-02 17:49:17] [I] ConnectionAndroid: Trying to write to 1
[2026-04-02 17:49:17] [I] ConnectionAndroid: 72 Bytes Written
[2026-04-02 17:49:17] [I] ConnectionAndroid: sendSerial loop finished
[2026-04-02 17:49:17] [I] ConnectionAndroid: Bulk transfer short read 0
[2026-04-02 17:49:17] [I] ConnectionAndroid: LibUSB Error: Success
[2026-04-02 17:49:17] [I] ConnectionAndroid: Read bytes 
[2026-04-02 17:49:17] [I] ConnectionAndroid: CURRENT KEY04884725084054126229360369403973
[2026-04-02 17:49:17] [I] ConnectionAndroid: Serial In Mutex Locked
[2026-04-02 17:49:17] [I] TLVProtocol: Type of chunk: 3 - Length of chunk: 16 - Value of chunk: OK - Control of chunk: 36781
[2026-04-02 17:49:17] [I] ConnectionAndroid: TLV Read successfully
[2026-04-02 17:49:17] [I] ConnectionAndroid: Serial In Mutex Unlocked
[2026-04-02 17:49:17] [I] ConnectionAndroid: listenSerial Loop Finished
[2026-04-02 17:49:17] [I] Connection: Serial In Wait Finished. Size of queue is 1
[2026-04-02 17:49:17] [I] Connection: Serial In Queue Is Not Empty. Size of queue is 1
[2026-04-02 17:49:17] [I] Connection: Received Data Type: 49
[2026-04-02 17:49:17] [I] Connection: Received Data Type: 3
[2026-04-02 17:49:17] [I] Connection: Received Data Type: 50
[2026-04-02 17:49:17] [I] Connection: serialInQueue Popped
[2026-04-02 17:49:17] [I] Connection: Serial In Loop Finished
[2026-04-02 17:49:17] [I] Connection: Serial In Mutex Locked
[2026-04-02 17:50:39] [I] Connection: Sending Basket Data
[2026-04-02 17:50:39] [I] Connection: {"basketID":"test-001","documentType":0,"taxFreeAmount":0,"createInvoice":false,"isWayBill":false,"note":"Test satisi","items":[{"barcode":"123456","name":"Deneme Urun","pluNo":1,"price":1000,"sectionNo":1,"taxPercent":10,"type":0,"unit":"ADET","vatID":1,"limit":0,"quantity":1000}],"paymentItems":[]}
[2026-04-02 17:50:39] [I] Connection: Request Type: 1 Enqueued 280 bytes to write.
[2026-04-02 17:50:39] [I] ConnectionAndroid: Trying to write to 1
[2026-04-02 17:50:39] [I] ConnectionAndroid: 280 Bytes Written
[2026-04-02 17:50:39] [I] ConnectionAndroid: sendSerial loop finished
[2026-04-02 17:50:39] [I] ConnectionAndroid: Bulk transfer short read 0
[2026-04-02 17:50:39] [I] ConnectionAndroid: LibUSB Error: Success
[2026-04-02 17:50:39] [I] ConnectionAndroid: Read bytes 
[2026-04-02 17:50:39] [I] ConnectionAndroid: CURRENT KEY04884725084054126229360369403973
[2026-04-02 17:50:39] [I] ConnectionAndroid: Serial In Mutex Locked
[2026-04-02 17:50:39] [I] TLVProtocol: Type of chunk: 1 - Length of chunk: 16 - Value of chunk: OK - Control of chunk: 13408
[2026-04-02 17:50:39] [I] ConnectionAndroid: TLV Read successfully
[2026-04-02 17:50:39] [I] ConnectionAndroid: Serial In Mutex Unlocked
[2026-04-02 17:50:39] [I] ConnectionAndroid: listenSerial Loop Finished
[2026-04-02 17:50:39] [I] Connection: Serial In Wait Finished. Size of queue is 1
[2026-04-02 17:50:39] [I] Connection: Serial In Queue Is Not Empty. Size of queue is 1
[2026-04-02 17:50:39] [I] Connection: Received Data Type: 49
[2026-04-02 17:50:39] [I] Connection: Received Data Type: 1
[2026-04-02 17:50:39] [I] Connection: Received Data Type: 50
[2026-04-02 17:50:39] [I] Connection: serialInQueue Popped
[2026-04-02 17:50:39] [I] Connection: Serial In Loop Finished
[2026-04-02 17:50:39] [I] Connection: Serial In Mutex Locked
[2026-04-02 17:50:42] [I] ConnectionAndroid: Bulk transfer short read 0
[2026-04-02 17:50:42] [I] ConnectionAndroid: LibUSB Error: Success
[2026-04-02 17:50:42] [I] ConnectionAndroid: Read bytes 
[2026-04-02 17:50:42] [I] ConnectionAndroid: CURRENT KEY04884725084054126229360369403973
[2026-04-02 17:50:42] [I] ConnectionAndroid: Serial In Mutex Locked
[2026-04-02 17:50:42] [I] TLVProtocol: Type of chunk: 3 - Length of chunk: 64 - Value of chunk: {"basketID":"test-001","message":"CANCELLED","status":-1} - Control of chunk: 55873
[2026-04-02 17:50:42] [I] ConnectionAndroid: TLV Read successfully
[2026-04-02 17:50:42] [I] ConnectionAndroid: Serial In Mutex Unlocked
[2026-04-02 17:50:42] [I] Connection: Serial In Wait Finished. Size of queue is 1
[2026-04-02 17:50:42] [I] Connection: Serial In Queue Is Not Empty. Size of queue is 1
[2026-04-02 17:50:42] [I] ConnectionAndroid: listenSerial Loop Finished
[2026-04-02 17:50:42] [I] Connection: Received Data Type: 49
[2026-04-02 17:50:42] [I] Connection: Received Data Type: 3
[2026-04-02 17:50:42] [I] Connection: SALE_INFO Data Received
[2026-04-02 17:50:42] [I] Connection: Serial In Callback Invoking
[2026-04-02 17:50:42] [I] Connection: Serial In Callback Invoked
[2026-04-02 17:50:42] [I] Connection: Request Type: 3 Enqueued 72 bytes to write.
[2026-04-02 17:50:42] [I] Connection: SALE_INFO Data Sent With OK
[2026-04-02 17:50:42] [I] Connection: Received Data Type: 50
[2026-04-02 17:50:42] [I] Connection: serialInQueue Popped
[2026-04-02 17:50:42] [I] Connection: Serial In Loop Finished
[2026-04-02 17:50:42] [I] Connection: Serial In Mutex Locked
[2026-04-02 17:50:42] [I] ConnectionAndroid: Trying to write to 1
[2026-04-02 17:50:42] [I] ConnectionAndroid: 72 Bytes Written
[2026-04-02 17:50:42] [I] ConnectionAndroid: sendSerial loop finished
[2026-04-02 17:50:42] [I] ConnectionAndroid: Bulk transfer short read 0
[2026-04-02 17:50:42] [I] ConnectionAndroid: LibUSB Error: Success
[2026-04-02 17:50:42] [I] ConnectionAndroid: Read bytes 
[2026-04-02 17:50:42] [I] ConnectionAndroid: CURRENT KEY04884725084054126229360369403973
[2026-04-02 17:50:42] [I] ConnectionAndroid: Serial In Mutex Locked
[2026-04-02 17:50:42] [I] TLVProtocol: Type of chunk: 3 - Length of chunk: 16 - Value of chunk: OK - Control of chunk: 36781
[2026-04-02 17:50:42] [I] ConnectionAndroid: TLV Read successfully
[2026-04-02 17:50:42] [I] Connection: Serial In Wait Finished. Size of queue is 1
[2026-04-02 17:50:42] [I] Connection: Serial In Queue Is Not Empty. Size of queue is 1
[2026-04-02 17:50:42] [I] Connection: Received Data Type: 49
[2026-04-02 17:50:42] [I] Connection: Received Data Type: 3
[2026-04-02 17:50:42] [I] Connection: Received Data Type: 50
[2026-04-02 17:50:42] [I] ConnectionAndroid: Serial In Mutex Unlocked
[2026-04-02 17:50:42] [I] ConnectionAndroid: listenSerial Loop Finished
[2026-04-02 17:50:42] [I] Connection: serialInQueue Popped
[2026-04-02 17:50:42] [I] Connection: Serial In Loop Finished
[2026-04-02 17:50:42] [I] Connection: Serial In Mutex Locked
